\BOOKMARK [0][-]{chapter*.2}{Kivonat}{}% 1
\BOOKMARK [0][-]{chapter*.3}{Abstract}{}% 2
\BOOKMARK [0][-]{chapter*.4}{Bevezeto}{}% 3
\BOOKMARK [0][-]{chapter.1}{LaTeX-eszk\366z\366k}{}% 4
\BOOKMARK [1][-]{section.1.1}{A szerkeszt\351shez haszn\341latos, Windows alap\372 eszk\366z\366k}{chapter.1}% 5
\BOOKMARK [1][-]{section.1.2}{A dokumentum leford\355t\341sa Windows alatt}{chapter.1}% 6
\BOOKMARK [1][-]{section.1.3}{Eszk\366z\366k Linuxhoz}{chapter.1}% 7
\BOOKMARK [0][-]{chapter.2}{A dolgozat formai kivitele}{}% 8
\BOOKMARK [1][-]{section.2.1}{A dolgozat kim\351rete}{chapter.2}% 9
\BOOKMARK [1][-]{section.2.2}{A dolgozat nyelve}{chapter.2}% 10
\BOOKMARK [1][-]{section.2.3}{A dokumentum nyomdatechnikai kivitele}{chapter.2}% 11
\BOOKMARK [0][-]{chapter.3}{A LaTeX-sablon haszn\341lata}{}% 12
\BOOKMARK [1][-]{section.3.1}{C\355mk\351k \351s hivatkoz\341sok}{chapter.3}% 13
\BOOKMARK [1][-]{section.3.2}{\301br\341k \351s t\341bl\341zatok}{chapter.3}% 14
\BOOKMARK [1][-]{section.3.3}{Felsorol\341sok \351s list\341k}{chapter.3}% 15
\BOOKMARK [1][-]{section.3.4}{K\351pletek}{chapter.3}% 16
\BOOKMARK [1][-]{section.3.5}{Irodalmi hivatkoz\341sok}{chapter.3}% 17
\BOOKMARK [1][-]{section.3.6}{A dolgozat szerkezete \351s a forr\341sf\341jlok}{chapter.3}% 18
\BOOKMARK [1][-]{section.3.7}{Alapadatok megad\341sa}{chapter.3}% 19
\BOOKMARK [1][-]{section.3.8}{\332j fejezet \355r\341sa}{chapter.3}% 20
\BOOKMARK [0][-]{chapter*.14}{K\366sz\366netnyilv\341n\355t\341s}{}% 21
\BOOKMARK [0][-]{chapter*.15}{References}{}% 22
\BOOKMARK [0][-]{appendix*.16}{F\374ggel\351k}{}% 23
\BOOKMARK [1][-]{section.F.1}{A TeXnicCenter fel\374lete}{appendix*.16}% 24
\BOOKMARK [1][-]{section.F.2}{V\341lasz az ,,\311let, a vil\341gmindens\351g, meg minden'' k\351rd\351s\351re}{appendix*.16}% 25
